# mur		muf		alpsfact	dynamical_scale	pdf		cross-section
1.0		1.0		1.0		-1		247000		9.728391774289788
0.5		0.5		1.0		-1		247000		8.111772309097834
0.5		0.5		1.0		1		247000		7.893582464633635
0.5		0.5		1.0		2		247000		7.893582473825944
0.5		0.5		1.0		3		247000		6.271024035755647
0.5		0.5		1.0		4		247000		8.11177230903216
0.5		1.0		1.0		-1		247000		9.728391774289788
0.5		1.0		1.0		1		247000		9.51749391378391
0.5		1.0		1.0		2		247000		9.517493922900467
0.5		1.0		1.0		3		247000		7.893582473825944
0.5		1.0		1.0		4		247000		9.72839177421651
0.5		2.0		1.0		-1		247000		11.299185265529236
0.5		2.0		1.0		1		247000		11.098920198033529
0.5		2.0		1.0		2		247000		11.098920206866122
0.5		2.0		1.0		3		247000		9.517493922900467
0.5		2.0		1.0		4		247000		11.299185265451607
1.0		0.5		1.0		-1		247000		8.111772309097834
1.0		0.5		1.0		1		247000		7.893582464633635
1.0		0.5		1.0		2		247000		7.893582473825944
1.0		0.5		1.0		3		247000		6.271024035755647
1.0		0.5		1.0		4		247000		8.11177230903216
1.0		1.0		1.0		1		247000		9.51749391378391
1.0		1.0		1.0		2		247000		9.517493922900467
1.0		1.0		1.0		3		247000		7.893582473825944
1.0		1.0		1.0		4		247000		9.72839177421651
1.0		2.0		1.0		-1		247000		11.299185265529236
1.0		2.0		1.0		1		247000		11.098920198033529
1.0		2.0		1.0		2		247000		11.098920206866122
1.0		2.0		1.0		3		247000		9.517493922900467
1.0		2.0		1.0		4		247000		11.299185265451607
2.0		0.5		1.0		-1		247000		8.111772309097834
2.0		0.5		1.0		1		247000		7.893582464633635
2.0		0.5		1.0		2		247000		7.893582473825944
2.0		0.5		1.0		3		247000		6.271024035755647
2.0		0.5		1.0		4		247000		8.11177230903216
2.0		1.0		1.0		-1		247000		9.728391774289788
2.0		1.0		1.0		1		247000		9.51749391378391
2.0		1.0		1.0		2		247000		9.517493922900467
2.0		1.0		1.0		3		247000		7.893582473825944
2.0		1.0		1.0		4		247000		9.72839177421651
2.0		2.0		1.0		-1		247000		11.299185265529236
2.0		2.0		1.0		1		247000		11.098920198033529
2.0		2.0		1.0		2		247000		11.098920206866122
2.0		2.0		1.0		3		247000		9.517493922900467
2.0		2.0		1.0		4		247000		11.299185265451607
1.0		1.0		1.0		-1		247000		9.728391774289788
1.0		1.0		1.0		-1		247001		9.671596717482965
1.0		1.0		1.0		-1		247002		9.212558434630596
1.0		1.0		1.0		-1		247003		9.689006231233963
1.0		1.0		1.0		-1		247004		9.801486514011376
1.0		1.0		1.0		-1		247005		8.861780541321059
1.0		1.0		1.0		-1		247006		9.84138931424888
1.0		1.0		1.0		-1		247007		9.88268064050431
1.0		1.0		1.0		-1		247008		9.741440902739686
1.0		1.0		1.0		-1		247009		9.546502139686684
1.0		1.0		1.0		-1		247010		9.7945576773208
1.0		1.0		1.0		-1		247011		10.241351685820959
1.0		1.0		1.0		-1		247012		9.628458107236986
1.0		1.0		1.0		-1		247013		9.97085205067701
1.0		1.0		1.0		-1		247014		9.496789271793318
1.0		1.0		1.0		-1		247015		9.97072800529619
1.0		1.0		1.0		-1		247016		10.167503186660246
1.0		1.0		1.0		-1		247017		9.96097462408294
1.0		1.0		1.0		-1		247018		9.702793571624229
1.0		1.0		1.0		-1		247019		9.896167874958552
1.0		1.0		1.0		-1		247020		9.95608739927657
1.0		1.0		1.0		-1		247021		9.691187061211462
1.0		1.0		1.0		-1		247022		9.629274785935912
1.0		1.0		1.0		-1		247023		8.753324242236106
1.0		1.0		1.0		-1		247024		9.379604942161365
1.0		1.0		1.0		-1		247025		9.613162671733084
1.0		1.0		1.0		-1		247026		9.635278315029739
1.0		1.0		1.0		-1		247027		10.020918886119318
1.0		1.0		1.0		-1		247028		10.189488656399304
1.0		1.0		1.0		-1		247029		9.312448445245687
1.0		1.0		1.0		-1		247030		9.68236390369899
1.0		1.0		1.0		-1		247031		9.942094988601246
1.0		1.0		1.0		-1		247032		10.050111207595576
1.0		1.0		1.0		-1		247033		10.150330296532342
1.0		1.0		1.0		-1		247034		9.873267045324718
1.0		1.0		1.0		-1		247035		10.076536994948574
1.0		1.0		1.0		-1		247036		9.632005361168929
1.0		1.0		1.0		-1		247037		9.695716001894528
1.0		1.0		1.0		-1		247038		9.51125058366971
1.0		1.0		1.0		-1		247039		9.15207143940644
1.0		1.0		1.0		-1		247040		9.924856504799802
1.0		1.0		1.0		-1		247041		9.590865913421379
1.0		1.0		1.0		-1		247042		9.813599265901445
1.0		1.0		1.0		-1		247043		9.49282330307905
1.0		1.0		1.0		-1		247044		10.045666305334686
1.0		1.0		1.0		-1		247045		9.862412038962734
1.0		1.0		1.0		-1		247046		9.359118555954055
1.0		1.0		1.0		-1		247047		10.145119186660564
1.0		1.0		1.0		-1		247048		9.678618735782727
1.0		1.0		1.0		-1		247049		9.962348451311508
1.0		1.0		1.0		-1		247050		9.792824336875572
1.0		1.0		1.0		-1		247051		9.468972813539784
1.0		1.0		1.0		-1		247052		9.937581592798033
1.0		1.0		1.0		-1		247053		9.692108114000632
1.0		1.0		1.0		-1		247054		10.400614394279026
1.0		1.0		1.0		-1		247055		10.155428840628849
1.0		1.0		1.0		-1		247056		8.964838220094821
1.0		1.0		1.0		-1		247057		9.433756568185784
1.0		1.0		1.0		-1		247058		9.591837753183366
1.0		1.0		1.0		-1		247059		9.27239564714089
1.0		1.0		1.0		-1		247060		9.56653743592382
1.0		1.0		1.0		-1		247061		10.174411301646508
1.0		1.0		1.0		-1		247062		9.842662175674356
1.0		1.0		1.0		-1		247063		10.205546258518611
1.0		1.0		1.0		-1		247064		10.10491943921543
1.0		1.0		1.0		-1		247065		10.007769959647087
1.0		1.0		1.0		-1		247066		9.947679481451033
1.0		1.0		1.0		-1		247067		9.88335876562193
1.0		1.0		1.0		-1		247068		10.046812440260695
1.0		1.0		1.0		-1		247069		9.745554607880354
1.0		1.0		1.0		-1		247070		9.931043811112172
1.0		1.0		1.0		-1		247071		9.352427797844923
1.0		1.0		1.0		-1		247072		9.783417093342418
1.0		1.0		1.0		-1		247073		9.67657900526675
1.0		1.0		1.0		-1		247074		9.765556806454978
1.0		1.0		1.0		-1		247075		9.814824127742293
1.0		1.0		1.0		-1		247076		9.89526734788303
1.0		1.0		1.0		-1		247077		9.907401869315565
1.0		1.0		1.0		-1		247078		9.9468758128451
1.0		1.0		1.0		-1		247079		9.149773592106788
1.0		1.0		1.0		-1		247080		8.927248112933762
1.0		1.0		1.0		-1		247081		9.717551449094017
1.0		1.0		1.0		-1		247082		9.83840213104199
1.0		1.0		1.0		-1		247083		9.823812902853302
1.0		1.0		1.0		-1		247084		9.393318494269316
1.0		1.0		1.0		-1		247085		9.41280798468541
1.0		1.0		1.0		-1		247086		9.66556747902188
1.0		1.0		1.0		-1		247087		9.496806749480971
1.0		1.0		1.0		-1		247088		9.654714346299848
1.0		1.0		1.0		-1		247089		9.687204720243816
1.0		1.0		1.0		-1		247090		9.615734036629487
1.0		1.0		1.0		-1		247091		9.574320795213325
1.0		1.0		1.0		-1		247092		9.711636510409878
1.0		1.0		1.0		-1		247093		9.898334953657404
1.0		1.0		1.0		-1		247094		9.712007373591502
1.0		1.0		1.0		-1		247095		9.708368424101337
1.0		1.0		1.0		-1		247096		9.342715724649498
1.0		1.0		1.0		-1		247097		10.533446686326778
1.0		1.0		1.0		-1		247098		9.73342520033682
1.0		1.0		1.0		-1		247099		9.957389677239501
1.0		1.0		1.0		-1		247100		9.730609064334931

#***************************************************************************
#
# original cross-section: 9.728391774289788
#     scale variation: +16.1% -16.6%
#     central scheme variation: + 0% -18.9%
# PDF variation: +3.25% -3.25%
#
# dynamical scheme # 1 : 9.51749 +16.6% -17.1% # \sum ET
# dynamical scheme # 2 : 9.51749 +16.6% -17.1% # \sum\sqrt{m^2+pt^2}
# dynamical scheme # 3 : 7.89358 +20.6% -20.6% # 0.5 \sum\sqrt{m^2+pt^2}
# dynamical scheme # 4 : 9.72839 +16.1% -16.6% # \sqrt{\hat s}
#***************************************************************************
