 Process in group number            1
 A PDF is used, so alpha_s(MZ) is going to be modified
 Old value of alpha_s from param_card:   0.11839999999999999     
  ****************************************
 
       NNPDFDriver version 1.0.3
   Grid: NNPDF23_lo_as_0130_qed_mem0.grid
  ****************************************
 New value of alpha_s from PDF nn23lo1:  0.13000000000000000     
 Define smin to   1600.0000000000000     
 *****************************************************
 *               MadGraph/MadEvent                   *
 *        --------------------------------           *
 *          http://madgraph.hep.uiuc.edu             *
 *          http://madgraph.phys.ucl.ac.be           *
 *          http://madgraph.roma2.infn.it            *
 *        --------------------------------           *
 *                                                   *
 *          PARAMETER AND COUPLING VALUES            *
 *                                                   *
 *****************************************************

  External Params
  ---------------------------------
  
 mdl_cabi =   0.22773599999999999     
 mdl_lams =   0.10000000000000001     
 mdl_lphiChi =   0.50000000000000000     
 mdl_lsh =   0.10000000000000001     
 mdl_msdm =    12.000000000000000     
 aEWM1 =    127.90000000000001     
 mdl_Gf =    1.1663700000000000E-005
 aS =   0.11839999999999999     
 mdl_ymdo =    5.0400000000000002E-003
 mdl_ymup =    2.5500000000000002E-003
 mdl_yms =   0.10100000000000001     
 mdl_ymc =    1.2700000000000000     
 mdl_ymb =    4.7000000000000002     
 mdl_ymt =    172.00000000000000     
 mdl_yme =    5.1099999999999995E-004
 mdl_ymm =   0.10566000000000000     
 mdl_ymtau =    1.7769999999999999     
 mdl_gq =   0.10000000000000001     
 mdl_MZ =    91.187600000000003     
 mdl_Me =    5.1099999999999995E-004
 mdl_MMU =   0.10566000000000000     
 mdl_MTA =    1.7769999999999999     
 mdl_MU =    2.5500000000000002E-003
 mdl_MC =    1.2700000000000000     
 mdl_MT =    172.00000000000000     
 mdl_MD =    5.0400000000000002E-003
 mdl_MS =   0.10100000000000001     
 mdl_MB =    4.7000000000000002     
 mdl_MH =    125.00000000000000     
 mdl_mchi =    200.00000000000000     
 mdl_WZ =    2.4952000000000001     
 mdl_WW =    2.0850000000000000     
 mdl_WT =    1.5083359999999999     
 mdl_WH =    4.0699999999999998E-003
  Internal Params
  ---------------------------------
  
 mdl_cos__cabi =   0.97418004031982097     
 mdl_CKM1x1 =               (0.97418004031982097,0.0000000000000000)
 mdl_sin__cabi =   0.22577256042856930     
 mdl_CKM1x2 =               (0.22577256042856930,0.0000000000000000)
 mdl_CKM1x3 =                (0.0000000000000000,0.0000000000000000)
 mdl_CKM2x1 =              (-0.22577256042856930,0.0000000000000000)
 mdl_CKM2x2 =               (0.97418004031982097,0.0000000000000000)
 mdl_CKM2x3 =                (0.0000000000000000,0.0000000000000000)
 mdl_CKM3x1 =                (0.0000000000000000,0.0000000000000000)
 mdl_CKM3x2 =                (0.0000000000000000,0.0000000000000000)
 mdl_CKM3x3 =                (1.0000000000000000,0.0000000000000000)
 mdl_MZ__exp__2 =    8315.1783937600012     
 mdl_MZ__exp__4 =    69142191.720053151     
 mdl_sqrt__2 =    1.4142135623730951     
 mdl_MH__exp__2 =    15625.000000000000     
 mdl_msDM__exp__2 =    144.00000000000000     
 mdl_lsh__exp__2 =    1.0000000000000002E-002
 mdl_complexi =                (0.0000000000000000,1.0000000000000000)
 mdl_aEW =    7.8186082877247844E-003
 mdl_MW =    79.824359746197842     
 mdl_sqrt__aEW =    8.8422894590285753E-002
 mdl_ee =   0.31345100004952897     
 mdl_MW__exp__2 =    6371.9284088904105     
 mdl_sw2 =   0.23369913342182447     
 mdl_cw =   0.87538612427783857     
 mdl_sqrt__sw2 =   0.48342438232036300     
 mdl_sw =   0.48342438232036300     
 mdl_g1 =   0.35807170271074895     
 mdl_gw =   0.64839716719502682     
 mdl_vev =    246.22056907348590     
 mdl_vev__exp__2 =    60624.568634871241     
 mdl_lam =   0.12886689630821144     
 mdl_msdm__2 =    19.368088268447050     
 mdl_yb =    2.6995322804122722E-002
 mdl_yc =    7.2944808428161397E-003
 mdl_ydo =    2.8948175943144366E-005
 mdl_ye =    2.9350233942354699E-006
 mdl_ym =    6.0687783137949077E-004
 mdl_ys =    5.8011225600348830E-004
 mdl_yt =   0.98791394091683138     
 mdl_ytau =    1.0206529494239589E-002
 mdl_yup =    1.4646398542662327E-005
 mdl_muH =    88.388347648318444     
  Internal Params evaluated point by point
  ----------------------------------------
  
 mdl_sqrt__aS =   0.34409301068170506     
  Couplings of Proyecto
  ---------------------------------
  
         GC_1 =   0.00000E+00   0.10000E+00

 Collider parameters:
 --------------------

 Running at P P   machine @    13000.000000000000       GeV
 PDF set = nn23lo1
 alpha_s(Mz)= 0.1300 running at 2 loops.
 alpha_s(Mz)= 0.1300 running at 2 loops.
 Renormalization scale set on event-by-event basis
 Factorization   scale set on event-by-event basis


 getting user params
Enter number of events and max and min iterations: 
 Number of events and iterations         1000           5           3
Enter desired fractional accuracy: 
 Desired fractional accuracy:   0.10000000000000001     
Enter 0 for fixed, 2 for adjustable grid: 
Suppress amplitude (0 no, 1 yes)? 
 Using suppressed amplitude.
Exact helicity sum (0 yes, n = number/event)? 
 Explicitly summing over helicities
Enter Configuration Number: 
Running Configuration Number:    1
 Not subdividing B.W.
 Attempting mappinvarients           1           4
 Determine nb_t
 T-channel found:            0
 Completed mapping           4
 about to integrate            4        1000           5           3           4           1
 Using non-zero grid deformation.
  4 dimensions   1000 events  4 invarients  5 iterations  1 config(s),  (0.99)
 Using h-tuple random number sequence.
 Error opening grid
 Using Uniform Grid!          16
 Using uniform alpha   1.0000000000000000     
 Grid defined OK
 Masses: 0.504E-02 0.504E-02 0.255E-02 0.255E-02
 Set CM energy to      13000.00
 Mapping Graph           1  to config           1
 Determine nb_t
 T-channel found:            0
 Transforming s_hat 1/s            3   9.4674556213017761E-006   1600.0000000000000        168999999.99999997     
Using random seed offsets     1 :      3
  with seed                   24
 Ranmar initialization seeds       31059        9400
 
 ********************************************
 * You are using the DiscreteSampler module *
 *      part of the MG5_aMC framework       *
 *         Author: Valentin Hirschi         *
 ********************************************
 
  Particle       3       4
      Et >    20.0    20.0
       E >     0.0     0.0
     Eta <     5.0     5.0
   xqcut:      0.0     0.0
d R # 3  >    -0.0     0.4
s min # 3>     0.0     0.0
xqcutij # 3>     0.0     0.0
 alpha_s for scale    56.011836129093972       is   0.14153735277426704     
 RESET CUMULATIVE VARIABLE
 Iteration  1   Mean: 0.3392E+01 Abs mean: 0.3392E+01   Fluctuation:  0.119E+00   0.113E+02    57.4%
  1    0.3392E+01 0.3392E+01 +- 0.1186E+00      1.11
 Writing out events   1.1824765697874683E-003   1.1058227130237970     
 Relative summed weights:
  0.5076E+00  0.4924E+00
 Relative number of events:
  0.5025E+00  0.4975E+00
 Events:
         507         502
 Iteration  2   Mean: 0.3449E+01 Abs mean: 0.3449E+01   Fluctuation:  0.687E-01   0.773E+01    61.5%
  2    0.3449E+01 0.3449E+01 +- 0.6873E-01      0.89
 Relative summed weights:
  0.5087E+00  0.4913E+00
 Relative number of events:
  0.5065E+00  0.4935E+00
 Events:
        1013         987
 Iteration  3   Mean: 0.3458E+01 Abs mean: 0.3458E+01   Fluctuation:  0.449E-01   0.804E+01    64.4%
  3    0.3458E+01 0.3458E+01 +- 0.4487E-01      0.82
 Relative summed weights:
  0.5038E+00  0.4962E+00
 Relative number of events:
  0.5008E+00  0.4993E+00
 Events:
        2003        1997
 Accuracy:    0.004   0.100   0.010   0.133
 Finished due to accuracy    3.7795091401600640E-003  0.10000000000000001     

 -------------------------------------------------------------------------------
 Accumulated results:   Integral =  0.3450E+01
                        Std dev  =  0.3582E-01
                       Cross sec =  0.3450E+01
             Chi**2 per DoF.     =      0.1325
 -------------------------------------------------------------------------------
 Found          615  events.
 Wrote          613  events.
 Actual xsec    3.4498737748810893     
 Correct abs xsec    3.4498737748810893     
 Event xsec    3.4498737748811434     
 Events wgts > 1:            0
 % Cross section > 1:    0.0000000000000000        0.0000000000000000     
-------------------------------------------------
---------------------------
 Results Last   3 iters: Integral =   0.3450E+01
                     Abs integral =   0.3450E+01
                          Std dev =   0.3582E-01
                  Chi**2 per DoF. =      0.1364
-------------------------------------------------
---------------------------
 Status  0.10000000000000001                4           5

ls status:
events.lhe
ftn26
input_app.txt
results.dat
run1_app.log
